Traceback (most recent call last):
  File "timeout.py", line 19, in <module>
    sp = subprocess.Popen('python plotbot_'+datatype+'_child.py '+datadir,cwd='/home/plotbot/plotbot/children',shell=True)
  File "/usr/lib64/python2.7/subprocess.py", line 711, in __init__
    errread, errwrite)
  File "/usr/lib64/python2.7/subprocess.py", line 1327, in _execute_child
    raise child_exception
OSError: [Errno 2] No such file or directory: '/home/plotbot/plotbot/children'
  File "timeout.py", line 22
    else if datatype == 'gfs':
          ^
SyntaxError: invalid syntax
  File "timeout.py", line 22
    else if datatype == 'gfs':
          ^
SyntaxError: invalid syntax
Traceback (most recent call last):
  File "timeout.py", line 25, in <module>
    inputfile = glob.glob(datadir+'/*F000*')
NameError: name 'glob' is not defined
python: can't open file '/home/plotbot/grib2/GFS/grs.pgrb2.0p25.py': [Errno 2] No such file or directory
python: can't open file '/home/plotbot/grib2/GFS/grs.pgrb2.0p25.py': [Errno 2] No such file or directory
python: can't open file '/home/plotbot/grib2/GFS/grs.pgrb2.0p25.py': [Errno 2] No such file or directory
python: can't open file '/home/plotbot/grib2/GFS/grs.pgrb2.0p25.py': [Errno 2] No such file or directory
Traceback (most recent call last):
  File "/home/plotbot/grib2/HRRR/HRRR.py", line 81, in <module>
    p.plot(hrrr, pltenv)
  File "/home/plotbot/grib2/HRRR/plot_plugins/temp_2m.py", line 25, in plot
    grb = gribobj.select(name='2 metre temperature')[0]
  File "pygrib.pyx", line 609, in pygrib.open.select (pygrib.c:6176)
ValueError: no matches found
Traceback (most recent call last):
  File "timeout.py", line 40, in <module>
    inputfile = inputfile[0]
IndexError: list index out of range
Traceback (most recent call last):
  File "plotbot_gfs_child.py", line 28, in <module>
    observer.start()
  File "/usr/lib/python2.7/site-packages/watchdog/observers/api.py", line 255, in start
    emitter.start()
  File "/usr/lib/python2.7/site-packages/watchdog/utils/__init__.py", line 111, in start
    self.on_thread_start()
  File "/usr/lib/python2.7/site-packages/watchdog/observers/inotify.py", line 121, in on_thread_start
    self._inotify = InotifyBuffer(path, self.watch.is_recursive)
  File "/usr/lib/python2.7/site-packages/watchdog/observers/inotify_buffer.py", line 35, in __init__
    self._inotify = Inotify(path, recursive)
  File "/usr/lib/python2.7/site-packages/watchdog/observers/inotify_c.py", line 187, in __init__
    self._add_dir_watch(path, recursive, event_mask)
  File "/usr/lib/python2.7/site-packages/watchdog/observers/inotify_c.py", line 363, in _add_dir_watch
    raise OSError('Path is not a directory')
OSError: Path is not a directory
Traceback (most recent call last):
  File "timeout.py", line 29, in <module>
    inputfile = inputfile[0]
IndexError: list index out of range
Traceback (most recent call last):
  File "plotbot_hrrr_child.py", line 28, in <module>
    observer.start()
  File "/usr/lib/python2.7/site-packages/watchdog/observers/api.py", line 255, in start
    emitter.start()
  File "/usr/lib/python2.7/site-packages/watchdog/utils/__init__.py", line 111, in start
    self.on_thread_start()
  File "/usr/lib/python2.7/site-packages/watchdog/observers/inotify.py", line 121, in on_thread_start
    self._inotify = InotifyBuffer(path, self.watch.is_recursive)
  File "/usr/lib/python2.7/site-packages/watchdog/observers/inotify_buffer.py", line 35, in __init__
    self._inotify = Inotify(path, recursive)
  File "/usr/lib/python2.7/site-packages/watchdog/observers/inotify_c.py", line 187, in __init__
    self._add_dir_watch(path, recursive, event_mask)
  File "/usr/lib/python2.7/site-packages/watchdog/observers/inotify_c.py", line 363, in _add_dir_watch
    raise OSError('Path is not a directory')
OSError: Path is not a directory
Traceback (most recent call last):
  File "/home/plotbot/grib2/GFS/gfs.pgrb2.0p25.py", line 28, in <module>
    inittime = dt.datetime.strptime(inittime,"%Y%m%d%H")
  File "/usr/lib64/python2.7/_strptime.py", line 325, in _strptime
    (data_string, format))
ValueError: time data '/20160515020' does not match format '%Y%m%d%H'
/usr/lib64/python2.7/site-packages/matplotlib/contour.py:370: RuntimeWarning: invalid value encountered in true_divide
  dist = np.add.reduce(([(abs(s)[i] / L[i]) for i in range(xsize)]), -1)
Traceback (most recent call last):
  File "/home/plotbot/grib2/GFS/gfs.pgrb2.0p25.py", line 81, in <module>
    p.plot(gfs, pltenv)
  File "/home/plotbot/grib2/GFS/plot_plugins/surface.py", line 149, in plot
    m.contourf(x,y,precip,levels,cmap=precip_colormap, norm=norm)
  File "/usr/lib64/python2.7/site-packages/mpl_toolkits/basemap/__init__.py", line 521, in with_transform
    return plotfunc(self,x,y,data,*args,**kwargs)
  File "/usr/lib64/python2.7/site-packages/mpl_toolkits/basemap/__init__.py", line 3671, in contourf
    mask = np.logical_or(ma.getmaskarray(data),xymask)
ValueError: operands could not be broadcast together with shapes (141,401) (721,1440) 
/usr/lib64/python2.7/site-packages/matplotlib/contour.py:370: RuntimeWarning: invalid value encountered in true_divide
  dist = np.add.reduce(([(abs(s)[i] / L[i]) for i in range(xsize)]), -1)
/usr/lib64/python2.7/site-packages/matplotlib/contour.py:370: RuntimeWarning: invalid value encountered in true_divide
  dist = np.add.reduce(([(abs(s)[i] / L[i]) for i in range(xsize)]), -1)
/usr/lib64/python2.7/site-packages/matplotlib/contour.py:370: RuntimeWarning: invalid value encountered in true_divide
  dist = np.add.reduce(([(abs(s)[i] / L[i]) for i in range(xsize)]), -1)
/usr/lib64/python2.7/site-packages/matplotlib/contour.py:370: RuntimeWarning: invalid value encountered in true_divide
  dist = np.add.reduce(([(abs(s)[i] / L[i]) for i in range(xsize)]), -1)
/usr/lib64/python2.7/site-packages/matplotlib/contour.py:370: RuntimeWarning: invalid value encountered in true_divide
  dist = np.add.reduce(([(abs(s)[i] / L[i]) for i in range(xsize)]), -1)
/usr/lib64/python2.7/site-packages/matplotlib/contour.py:370: RuntimeWarning: invalid value encountered in true_divide
  dist = np.add.reduce(([(abs(s)[i] / L[i]) for i in range(xsize)]), -1)
/usr/lib64/python2.7/site-packages/matplotlib/contour.py:370: RuntimeWarning: invalid value encountered in true_divide
  dist = np.add.reduce(([(abs(s)[i] / L[i]) for i in range(xsize)]), -1)
/usr/lib64/python2.7/site-packages/matplotlib/contour.py:370: RuntimeWarning: invalid value encountered in true_divide
  dist = np.add.reduce(([(abs(s)[i] / L[i]) for i in range(xsize)]), -1)
/usr/lib64/python2.7/site-packages/matplotlib/contour.py:370: RuntimeWarning: invalid value encountered in true_divide
  dist = np.add.reduce(([(abs(s)[i] / L[i]) for i in range(xsize)]), -1)
/usr/lib64/python2.7/site-packages/matplotlib/contour.py:370: RuntimeWarning: invalid value encountered in true_divide
  dist = np.add.reduce(([(abs(s)[i] / L[i]) for i in range(xsize)]), -1)
/usr/lib64/python2.7/site-packages/matplotlib/contour.py:370: RuntimeWarning: invalid value encountered in true_divide
  dist = np.add.reduce(([(abs(s)[i] / L[i]) for i in range(xsize)]), -1)
/usr/lib64/python2.7/site-packages/matplotlib/contour.py:370: RuntimeWarning: invalid value encountered in true_divide
  dist = np.add.reduce(([(abs(s)[i] / L[i]) for i in range(xsize)]), -1)
/usr/lib64/python2.7/site-packages/matplotlib/contour.py:370: RuntimeWarning: invalid value encountered in true_divide
  dist = np.add.reduce(([(abs(s)[i] / L[i]) for i in range(xsize)]), -1)
/usr/lib64/python2.7/site-packages/matplotlib/contour.py:370: RuntimeWarning: invalid value encountered in true_divide
  dist = np.add.reduce(([(abs(s)[i] / L[i]) for i in range(xsize)]), -1)
/usr/lib64/python2.7/site-packages/matplotlib/contour.py:370: RuntimeWarning: invalid value encountered in true_divide
  dist = np.add.reduce(([(abs(s)[i] / L[i]) for i in range(xsize)]), -1)
/usr/lib64/python2.7/site-packages/matplotlib/contour.py:370: RuntimeWarning: invalid value encountered in true_divide
  dist = np.add.reduce(([(abs(s)[i] / L[i]) for i in range(xsize)]), -1)
Traceback (most recent call last):
  File "/home/plotbot/grib2/GFS/gfs.pgrb2.0p25.py", line 81, in <module>
    p.plot(gfs, pltenv)
  File "/home/plotbot/grib2/GFS/plot_plugins/lvl_500vorticity.py", line 37, in plot
    v = gribobj.select(name='V component of wind',typeOfLevel='isobaricInhPa',level=500)[0]
  File "pygrib.pyx", line 609, in pygrib.open.select (pygrib.c:6176)
ValueError: no matches found
/usr/lib64/python2.7/site-packages/matplotlib/contour.py:370: RuntimeWarning: invalid value encountered in true_divide
  dist = np.add.reduce(([(abs(s)[i] / L[i]) for i in range(xsize)]), -1)
/usr/lib64/python2.7/site-packages/matplotlib/contour.py:370: RuntimeWarning: invalid value encountered in true_divide
  dist = np.add.reduce(([(abs(s)[i] / L[i]) for i in range(xsize)]), -1)
/usr/lib64/python2.7/site-packages/matplotlib/contour.py:370: RuntimeWarning: invalid value encountered in true_divide
  dist = np.add.reduce(([(abs(s)[i] / L[i]) for i in range(xsize)]), -1)
/usr/lib64/python2.7/site-packages/matplotlib/contour.py:370: RuntimeWarning: invalid value encountered in true_divide
  dist = np.add.reduce(([(abs(s)[i] / L[i]) for i in range(xsize)]), -1)
/usr/lib64/python2.7/site-packages/matplotlib/contour.py:370: RuntimeWarning: invalid value encountered in true_divide
  dist = np.add.reduce(([(abs(s)[i] / L[i]) for i in range(xsize)]), -1)
/usr/lib64/python2.7/site-packages/matplotlib/contour.py:370: RuntimeWarning: invalid value encountered in true_divide
  dist = np.add.reduce(([(abs(s)[i] / L[i]) for i in range(xsize)]), -1)
/usr/lib64/python2.7/site-packages/matplotlib/contour.py:370: RuntimeWarning: invalid value encountered in true_divide
  dist = np.add.reduce(([(abs(s)[i] / L[i]) for i in range(xsize)]), -1)
/usr/lib64/python2.7/site-packages/matplotlib/contour.py:370: RuntimeWarning: invalid value encountered in true_divide
  dist = np.add.reduce(([(abs(s)[i] / L[i]) for i in range(xsize)]), -1)
/usr/lib64/python2.7/site-packages/matplotlib/contour.py:370: RuntimeWarning: invalid value encountered in true_divide
  dist = np.add.reduce(([(abs(s)[i] / L[i]) for i in range(xsize)]), -1)
Traceback (most recent call last):
  File "/home/plotbot/grib2/GFS/gfs.pgrb2.0p25.py", line 28, in <module>
    inittime = dt.datetime.strptime(inittime,"%Y%m%d%H")
  File "/usr/lib64/python2.7/_strptime.py", line 325, in _strptime
    (data_string, format))
ValueError: time data '/20160515030' does not match format '%Y%m%d%H'
/usr/lib64/python2.7/site-packages/matplotlib/contour.py:370: RuntimeWarning: invalid value encountered in true_divide
  dist = np.add.reduce(([(abs(s)[i] / L[i]) for i in range(xsize)]), -1)
/usr/lib64/python2.7/site-packages/matplotlib/contour.py:370: RuntimeWarning: invalid value encountered in true_divide
  dist = np.add.reduce(([(abs(s)[i] / L[i]) for i in range(xsize)]), -1)
/usr/lib64/python2.7/site-packages/matplotlib/contour.py:370: RuntimeWarning: invalid value encountered in true_divide
  dist = np.add.reduce(([(abs(s)[i] / L[i]) for i in range(xsize)]), -1)
/usr/lib64/python2.7/site-packages/matplotlib/contour.py:370: RuntimeWarning: invalid value encountered in true_divide
  dist = np.add.reduce(([(abs(s)[i] / L[i]) for i in range(xsize)]), -1)
/usr/lib64/python2.7/site-packages/matplotlib/contour.py:370: RuntimeWarning: invalid value encountered in true_divide
  dist = np.add.reduce(([(abs(s)[i] / L[i]) for i in range(xsize)]), -1)
/usr/lib64/python2.7/site-packages/matplotlib/contour.py:370: RuntimeWarning: invalid value encountered in true_divide
  dist = np.add.reduce(([(abs(s)[i] / L[i]) for i in range(xsize)]), -1)
/usr/lib64/python2.7/site-packages/matplotlib/contour.py:370: RuntimeWarning: invalid value encountered in true_divide
  dist = np.add.reduce(([(abs(s)[i] / L[i]) for i in range(xsize)]), -1)
/usr/lib64/python2.7/site-packages/matplotlib/contour.py:370: RuntimeWarning: invalid value encountered in true_divide
  dist = np.add.reduce(([(abs(s)[i] / L[i]) for i in range(xsize)]), -1)
/usr/lib64/python2.7/site-packages/matplotlib/contour.py:370: RuntimeWarning: invalid value encountered in true_divide
  dist = np.add.reduce(([(abs(s)[i] / L[i]) for i in range(xsize)]), -1)
/usr/lib64/python2.7/site-packages/matplotlib/contour.py:370: RuntimeWarning: invalid value encountered in true_divide
  dist = np.add.reduce(([(abs(s)[i] / L[i]) for i in range(xsize)]), -1)
/usr/lib64/python2.7/site-packages/matplotlib/contour.py:370: RuntimeWarning: invalid value encountered in true_divide
  dist = np.add.reduce(([(abs(s)[i] / L[i]) for i in range(xsize)]), -1)
/usr/lib64/python2.7/site-packages/matplotlib/contour.py:370: RuntimeWarning: invalid value encountered in true_divide
  dist = np.add.reduce(([(abs(s)[i] / L[i]) for i in range(xsize)]), -1)
/usr/lib64/python2.7/site-packages/matplotlib/contour.py:370: RuntimeWarning: invalid value encountered in true_divide
  dist = np.add.reduce(([(abs(s)[i] / L[i]) for i in range(xsize)]), -1)
Traceback (most recent call last):
  File "/home/plotbot/grib2/GFS/gfs.pgrb2.0p25.py", line 81, in <module>
    p.plot(gfs, pltenv)
  File "/home/plotbot/grib2/GFS/plot_plugins/temp_2m.py", line 25, in plot
    grb = gribobj.select(name='2 metre temperature')[0]
  File "pygrib.pyx", line 609, in pygrib.open.select (pygrib.c:6176)
ValueError: no matches found
/usr/lib64/python2.7/site-packages/matplotlib/contour.py:370: RuntimeWarning: invalid value encountered in true_divide
  dist = np.add.reduce(([(abs(s)[i] / L[i]) for i in range(xsize)]), -1)
/usr/lib64/python2.7/site-packages/matplotlib/contour.py:370: RuntimeWarning: invalid value encountered in true_divide
  dist = np.add.reduce(([(abs(s)[i] / L[i]) for i in range(xsize)]), -1)
/usr/lib64/python2.7/site-packages/matplotlib/contour.py:370: RuntimeWarning: invalid value encountered in true_divide
  dist = np.add.reduce(([(abs(s)[i] / L[i]) for i in range(xsize)]), -1)
/usr/lib64/python2.7/site-packages/matplotlib/contour.py:370: RuntimeWarning: invalid value encountered in true_divide
  dist = np.add.reduce(([(abs(s)[i] / L[i]) for i in range(xsize)]), -1)
/usr/lib64/python2.7/site-packages/matplotlib/contour.py:370: RuntimeWarning: invalid value encountered in true_divide
  dist = np.add.reduce(([(abs(s)[i] / L[i]) for i in range(xsize)]), -1)
/usr/lib64/python2.7/site-packages/matplotlib/contour.py:370: RuntimeWarning: invalid value encountered in true_divide
  dist = np.add.reduce(([(abs(s)[i] / L[i]) for i in range(xsize)]), -1)
/usr/lib64/python2.7/site-packages/matplotlib/contour.py:370: RuntimeWarning: invalid value encountered in true_divide
  dist = np.add.reduce(([(abs(s)[i] / L[i]) for i in range(xsize)]), -1)
/usr/lib64/python2.7/site-packages/matplotlib/contour.py:370: RuntimeWarning: invalid value encountered in true_divide
  dist = np.add.reduce(([(abs(s)[i] / L[i]) for i in range(xsize)]), -1)
/usr/lib64/python2.7/site-packages/matplotlib/contour.py:370: RuntimeWarning: invalid value encountered in true_divide
  dist = np.add.reduce(([(abs(s)[i] / L[i]) for i in range(xsize)]), -1)
/usr/lib64/python2.7/site-packages/matplotlib/contour.py:370: RuntimeWarning: invalid value encountered in true_divide
  dist = np.add.reduce(([(abs(s)[i] / L[i]) for i in range(xsize)]), -1)
/usr/lib64/python2.7/site-packages/matplotlib/contour.py:370: RuntimeWarning: invalid value encountered in true_divide
  dist = np.add.reduce(([(abs(s)[i] / L[i]) for i in range(xsize)]), -1)
/usr/lib64/python2.7/site-packages/matplotlib/contour.py:370: RuntimeWarning: invalid value encountered in true_divide
  dist = np.add.reduce(([(abs(s)[i] / L[i]) for i in range(xsize)]), -1)
/usr/lib64/python2.7/site-packages/matplotlib/contour.py:370: RuntimeWarning: invalid value encountered in true_divide
  dist = np.add.reduce(([(abs(s)[i] / L[i]) for i in range(xsize)]), -1)
/usr/lib64/python2.7/site-packages/matplotlib/contour.py:370: RuntimeWarning: invalid value encountered in true_divide
  dist = np.add.reduce(([(abs(s)[i] / L[i]) for i in range(xsize)]), -1)
/usr/lib64/python2.7/site-packages/matplotlib/contour.py:370: RuntimeWarning: invalid value encountered in true_divide
  dist = np.add.reduce(([(abs(s)[i] / L[i]) for i in range(xsize)]), -1)
/usr/lib64/python2.7/site-packages/matplotlib/contour.py:370: RuntimeWarning: invalid value encountered in true_divide
  dist = np.add.reduce(([(abs(s)[i] / L[i]) for i in range(xsize)]), -1)
/usr/lib64/python2.7/site-packages/matplotlib/contour.py:370: RuntimeWarning: invalid value encountered in true_divide
  dist = np.add.reduce(([(abs(s)[i] / L[i]) for i in range(xsize)]), -1)
/usr/lib64/python2.7/site-packages/matplotlib/contour.py:370: RuntimeWarning: invalid value encountered in true_divide
  dist = np.add.reduce(([(abs(s)[i] / L[i]) for i in range(xsize)]), -1)
/usr/lib64/python2.7/site-packages/matplotlib/contour.py:370: RuntimeWarning: invalid value encountered in true_divide
  dist = np.add.reduce(([(abs(s)[i] / L[i]) for i in range(xsize)]), -1)
/usr/lib64/python2.7/site-packages/matplotlib/contour.py:370: RuntimeWarning: invalid value encountered in true_divide
  dist = np.add.reduce(([(abs(s)[i] / L[i]) for i in range(xsize)]), -1)
/usr/lib64/python2.7/site-packages/matplotlib/contour.py:370: RuntimeWarning: invalid value encountered in true_divide
  dist = np.add.reduce(([(abs(s)[i] / L[i]) for i in range(xsize)]), -1)
/usr/lib64/python2.7/site-packages/matplotlib/contour.py:370: RuntimeWarning: invalid value encountered in true_divide
  dist = np.add.reduce(([(abs(s)[i] / L[i]) for i in range(xsize)]), -1)
/usr/lib64/python2.7/site-packages/matplotlib/contour.py:370: RuntimeWarning: invalid value encountered in true_divide
  dist = np.add.reduce(([(abs(s)[i] / L[i]) for i in range(xsize)]), -1)
/usr/lib64/python2.7/site-packages/matplotlib/contour.py:370: RuntimeWarning: invalid value encountered in true_divide
  dist = np.add.reduce(([(abs(s)[i] / L[i]) for i in range(xsize)]), -1)
/usr/lib64/python2.7/site-packages/matplotlib/contour.py:370: RuntimeWarning: invalid value encountered in true_divide
  dist = np.add.reduce(([(abs(s)[i] / L[i]) for i in range(xsize)]), -1)
/usr/lib64/python2.7/site-packages/matplotlib/contour.py:370: RuntimeWarning: invalid value encountered in true_divide
  dist = np.add.reduce(([(abs(s)[i] / L[i]) for i in range(xsize)]), -1)
/usr/lib64/python2.7/site-packages/matplotlib/contour.py:370: RuntimeWarning: invalid value encountered in true_divide
  dist = np.add.reduce(([(abs(s)[i] / L[i]) for i in range(xsize)]), -1)
/usr/lib64/python2.7/site-packages/matplotlib/contour.py:370: RuntimeWarning: invalid value encountered in true_divide
  dist = np.add.reduce(([(abs(s)[i] / L[i]) for i in range(xsize)]), -1)
/usr/lib64/python2.7/site-packages/matplotlib/contour.py:370: RuntimeWarning: invalid value encountered in true_divide
  dist = np.add.reduce(([(abs(s)[i] / L[i]) for i in range(xsize)]), -1)
/usr/lib64/python2.7/site-packages/matplotlib/contour.py:370: RuntimeWarning: invalid value encountered in true_divide
  dist = np.add.reduce(([(abs(s)[i] / L[i]) for i in range(xsize)]), -1)
/usr/lib64/python2.7/site-packages/matplotlib/contour.py:370: RuntimeWarning: invalid value encountered in true_divide
  dist = np.add.reduce(([(abs(s)[i] / L[i]) for i in range(xsize)]), -1)
/usr/lib64/python2.7/site-packages/matplotlib/contour.py:370: RuntimeWarning: invalid value encountered in true_divide
  dist = np.add.reduce(([(abs(s)[i] / L[i]) for i in range(xsize)]), -1)
/usr/lib64/python2.7/site-packages/matplotlib/contour.py:370: RuntimeWarning: invalid value encountered in true_divide
  dist = np.add.reduce(([(abs(s)[i] / L[i]) for i in range(xsize)]), -1)
/usr/lib64/python2.7/site-packages/matplotlib/contour.py:370: RuntimeWarning: invalid value encountered in true_divide
  dist = np.add.reduce(([(abs(s)[i] / L[i]) for i in range(xsize)]), -1)
/usr/lib64/python2.7/site-packages/matplotlib/contour.py:370: RuntimeWarning: invalid value encountered in true_divide
  dist = np.add.reduce(([(abs(s)[i] / L[i]) for i in range(xsize)]), -1)
/usr/lib64/python2.7/site-packages/matplotlib/contour.py:370: RuntimeWarning: invalid value encountered in true_divide
  dist = np.add.reduce(([(abs(s)[i] / L[i]) for i in range(xsize)]), -1)
/usr/lib64/python2.7/site-packages/matplotlib/contour.py:370: RuntimeWarning: invalid value encountered in true_divide
  dist = np.add.reduce(([(abs(s)[i] / L[i]) for i in range(xsize)]), -1)
/usr/lib64/python2.7/site-packages/matplotlib/contour.py:370: RuntimeWarning: invalid value encountered in true_divide
  dist = np.add.reduce(([(abs(s)[i] / L[i]) for i in range(xsize)]), -1)
/usr/lib64/python2.7/site-packages/matplotlib/contour.py:370: RuntimeWarning: invalid value encountered in true_divide
  dist = np.add.reduce(([(abs(s)[i] / L[i]) for i in range(xsize)]), -1)
/usr/lib64/python2.7/site-packages/matplotlib/contour.py:370: RuntimeWarning: invalid value encountered in true_divide
  dist = np.add.reduce(([(abs(s)[i] / L[i]) for i in range(xsize)]), -1)
/usr/lib64/python2.7/site-packages/matplotlib/contour.py:370: RuntimeWarning: invalid value encountered in true_divide
  dist = np.add.reduce(([(abs(s)[i] / L[i]) for i in range(xsize)]), -1)
/usr/lib64/python2.7/site-packages/matplotlib/contour.py:370: RuntimeWarning: invalid value encountered in true_divide
  dist = np.add.reduce(([(abs(s)[i] / L[i]) for i in range(xsize)]), -1)
/usr/lib64/python2.7/site-packages/matplotlib/contour.py:370: RuntimeWarning: invalid value encountered in true_divide
  dist = np.add.reduce(([(abs(s)[i] / L[i]) for i in range(xsize)]), -1)
Traceback (most recent call last):
  File "/home/plotbot/grib2/GFS/gfs.pgrb2.0p25.py", line 28, in <module>
    inittime = dt.datetime.strptime(inittime,"%Y%m%d%H")
  File "/usr/lib64/python2.7/_strptime.py", line 325, in _strptime
    (data_string, format))
ValueError: time data '/20160515040' does not match format '%Y%m%d%H'
/usr/lib64/python2.7/site-packages/matplotlib/contour.py:370: RuntimeWarning: invalid value encountered in true_divide
  dist = np.add.reduce(([(abs(s)[i] / L[i]) for i in range(xsize)]), -1)
/usr/lib64/python2.7/site-packages/matplotlib/contour.py:370: RuntimeWarning: invalid value encountered in true_divide
  dist = np.add.reduce(([(abs(s)[i] / L[i]) for i in range(xsize)]), -1)
/usr/lib64/python2.7/site-packages/matplotlib/contour.py:370: RuntimeWarning: invalid value encountered in true_divide
  dist = np.add.reduce(([(abs(s)[i] / L[i]) for i in range(xsize)]), -1)
/usr/lib64/python2.7/site-packages/matplotlib/contour.py:370: RuntimeWarning: invalid value encountered in true_divide
  dist = np.add.reduce(([(abs(s)[i] / L[i]) for i in range(xsize)]), -1)
/usr/lib64/python2.7/site-packages/matplotlib/contour.py:370: RuntimeWarning: invalid value encountered in true_divide
  dist = np.add.reduce(([(abs(s)[i] / L[i]) for i in range(xsize)]), -1)
/usr/lib64/python2.7/site-packages/matplotlib/contour.py:370: RuntimeWarning: invalid value encountered in true_divide
  dist = np.add.reduce(([(abs(s)[i] / L[i]) for i in range(xsize)]), -1)
/usr/lib64/python2.7/site-packages/matplotlib/contour.py:370: RuntimeWarning: invalid value encountered in true_divide
  dist = np.add.reduce(([(abs(s)[i] / L[i]) for i in range(xsize)]), -1)
/usr/lib64/python2.7/site-packages/matplotlib/contour.py:370: RuntimeWarning: invalid value encountered in true_divide
  dist = np.add.reduce(([(abs(s)[i] / L[i]) for i in range(xsize)]), -1)
/usr/lib64/python2.7/site-packages/matplotlib/contour.py:370: RuntimeWarning: invalid value encountered in true_divide
  dist = np.add.reduce(([(abs(s)[i] / L[i]) for i in range(xsize)]), -1)
/usr/lib64/python2.7/site-packages/matplotlib/contour.py:370: RuntimeWarning: invalid value encountered in true_divide
  dist = np.add.reduce(([(abs(s)[i] / L[i]) for i in range(xsize)]), -1)
Traceback (most recent call last):
  File "/home/plotbot/grib2/GFS/gfs.pgrb2.0p25.py", line 28, in <module>
    inittime = dt.datetime.strptime(inittime,"%Y%m%d%H")
  File "/usr/lib64/python2.7/_strptime.py", line 325, in _strptime
    (data_string, format))
ValueError: time data '/20160515050' does not match format '%Y%m%d%H'
Traceback (most recent call last):
  File "/home/plotbot/grib2/GFS/gfs.pgrb2.0p25.py", line 28, in <module>
    inittime = dt.datetime.strptime(inittime,"%Y%m%d%H")
  File "/usr/lib64/python2.7/_strptime.py", line 325, in _strptime
    (data_string, format))
ValueError: time data '/20160515060' does not match format '%Y%m%d%H'
Traceback (most recent call last):
  File "/home/plotbot/grib2/GFS/gfs.pgrb2.0p25.py", line 28, in <module>
    inittime = dt.datetime.strptime(inittime,"%Y%m%d%H")
  File "/usr/lib64/python2.7/_strptime.py", line 325, in _strptime
    (data_string, format))
ValueError: time data '/20160515070' does not match format '%Y%m%d%H'
Traceback (most recent call last):
  File "/home/plotbot/grib2/GFS/gfs.pgrb2.0p25.py", line 28, in <module>
    inittime = dt.datetime.strptime(inittime,"%Y%m%d%H")
  File "/usr/lib64/python2.7/_strptime.py", line 325, in _strptime
    (data_string, format))
ValueError: time data '/20160515080' does not match format '%Y%m%d%H'
/usr/lib64/python2.7/site-packages/matplotlib/contour.py:370: RuntimeWarning: invalid value encountered in true_divide
  dist = np.add.reduce(([(abs(s)[i] / L[i]) for i in range(xsize)]), -1)
Traceback (most recent call last):
  File "/home/plotbot/grib2/GFS/gfs.pgrb2.0p25.py", line 81, in <module>
    p.plot(gfs, pltenv)
  File "/home/plotbot/grib2/GFS/plot_plugins/surface.py", line 149, in plot
    m.contourf(x,y,precip,levels,cmap=precip_colormap, norm=norm)
  File "/usr/lib64/python2.7/site-packages/mpl_toolkits/basemap/__init__.py", line 521, in with_transform
    return plotfunc(self,x,y,data,*args,**kwargs)
  File "/usr/lib64/python2.7/site-packages/mpl_toolkits/basemap/__init__.py", line 3671, in contourf
    mask = np.logical_or(ma.getmaskarray(data),xymask)
ValueError: operands could not be broadcast together with shapes (141,401) (721,1440) 
/usr/lib64/python2.7/site-packages/matplotlib/contour.py:370: RuntimeWarning: invalid value encountered in true_divide
  dist = np.add.reduce(([(abs(s)[i] / L[i]) for i in range(xsize)]), -1)
/usr/lib64/python2.7/site-packages/matplotlib/contour.py:370: RuntimeWarning: invalid value encountered in true_divide
  dist = np.add.reduce(([(abs(s)[i] / L[i]) for i in range(xsize)]), -1)
/usr/lib64/python2.7/site-packages/matplotlib/contour.py:370: RuntimeWarning: invalid value encountered in true_divide
  dist = np.add.reduce(([(abs(s)[i] / L[i]) for i in range(xsize)]), -1)
/usr/lib64/python2.7/site-packages/matplotlib/contour.py:370: RuntimeWarning: invalid value encountered in true_divide
  dist = np.add.reduce(([(abs(s)[i] / L[i]) for i in range(xsize)]), -1)
/usr/lib64/python2.7/site-packages/matplotlib/contour.py:370: RuntimeWarning: invalid value encountered in true_divide
  dist = np.add.reduce(([(abs(s)[i] / L[i]) for i in range(xsize)]), -1)
/usr/lib64/python2.7/site-packages/matplotlib/contour.py:370: RuntimeWarning: invalid value encountered in true_divide
  dist = np.add.reduce(([(abs(s)[i] / L[i]) for i in range(xsize)]), -1)
/usr/lib64/python2.7/site-packages/matplotlib/contour.py:370: RuntimeWarning: invalid value encountered in true_divide
  dist = np.add.reduce(([(abs(s)[i] / L[i]) for i in range(xsize)]), -1)
/usr/lib64/python2.7/site-packages/matplotlib/contour.py:370: RuntimeWarning: invalid value encountered in true_divide
  dist = np.add.reduce(([(abs(s)[i] / L[i]) for i in range(xsize)]), -1)
/usr/lib64/python2.7/site-packages/matplotlib/contour.py:370: RuntimeWarning: invalid value encountered in true_divide
  dist = np.add.reduce(([(abs(s)[i] / L[i]) for i in range(xsize)]), -1)
/usr/lib64/python2.7/site-packages/matplotlib/contour.py:370: RuntimeWarning: invalid value encountered in true_divide
  dist = np.add.reduce(([(abs(s)[i] / L[i]) for i in range(xsize)]), -1)
/usr/lib64/python2.7/site-packages/matplotlib/contour.py:370: RuntimeWarning: invalid value encountered in true_divide
  dist = np.add.reduce(([(abs(s)[i] / L[i]) for i in range(xsize)]), -1)
/usr/lib64/python2.7/site-packages/matplotlib/contour.py:370: RuntimeWarning: invalid value encountered in true_divide
  dist = np.add.reduce(([(abs(s)[i] / L[i]) for i in range(xsize)]), -1)
/usr/lib64/python2.7/site-packages/matplotlib/contour.py:370: RuntimeWarning: invalid value encountered in true_divide
  dist = np.add.reduce(([(abs(s)[i] / L[i]) for i in range(xsize)]), -1)
/usr/lib64/python2.7/site-packages/matplotlib/contour.py:370: RuntimeWarning: invalid value encountered in true_divide
  dist = np.add.reduce(([(abs(s)[i] / L[i]) for i in range(xsize)]), -1)
/usr/lib64/python2.7/site-packages/matplotlib/contour.py:370: RuntimeWarning: invalid value encountered in true_divide
  dist = np.add.reduce(([(abs(s)[i] / L[i]) for i in range(xsize)]), -1)
/usr/lib64/python2.7/site-packages/matplotlib/contour.py:370: RuntimeWarning: invalid value encountered in true_divide
  dist = np.add.reduce(([(abs(s)[i] / L[i]) for i in range(xsize)]), -1)
/usr/lib64/python2.7/site-packages/matplotlib/contour.py:370: RuntimeWarning: invalid value encountered in true_divide
  dist = np.add.reduce(([(abs(s)[i] / L[i]) for i in range(xsize)]), -1)
/usr/lib64/python2.7/site-packages/matplotlib/contour.py:370: RuntimeWarning: invalid value encountered in true_divide
  dist = np.add.reduce(([(abs(s)[i] / L[i]) for i in range(xsize)]), -1)
/usr/lib64/python2.7/site-packages/matplotlib/contour.py:370: RuntimeWarning: invalid value encountered in true_divide
  dist = np.add.reduce(([(abs(s)[i] / L[i]) for i in range(xsize)]), -1)
/usr/lib64/python2.7/site-packages/matplotlib/contour.py:370: RuntimeWarning: invalid value encountered in true_divide
  dist = np.add.reduce(([(abs(s)[i] / L[i]) for i in range(xsize)]), -1)
/usr/lib64/python2.7/site-packages/matplotlib/contour.py:370: RuntimeWarning: invalid value encountered in true_divide
  dist = np.add.reduce(([(abs(s)[i] / L[i]) for i in range(xsize)]), -1)
/usr/lib64/python2.7/site-packages/matplotlib/contour.py:370: RuntimeWarning: invalid value encountered in true_divide
  dist = np.add.reduce(([(abs(s)[i] / L[i]) for i in range(xsize)]), -1)
/usr/lib64/python2.7/site-packages/matplotlib/contour.py:370: RuntimeWarning: invalid value encountered in true_divide
  dist = np.add.reduce(([(abs(s)[i] / L[i]) for i in range(xsize)]), -1)
/usr/lib64/python2.7/site-packages/matplotlib/contour.py:370: RuntimeWarning: invalid value encountered in true_divide
  dist = np.add.reduce(([(abs(s)[i] / L[i]) for i in range(xsize)]), -1)
Traceback (most recent call last):
  File "/home/plotbot/grib2/GFS/gfs.pgrb2.0p25.py", line 28, in <module>
    inittime = dt.datetime.strptime(inittime,"%Y%m%d%H")
  File "/usr/lib64/python2.7/_strptime.py", line 325, in _strptime
    (data_string, format))
ValueError: time data '/20160515090' does not match format '%Y%m%d%H'
/usr/lib64/python2.7/site-packages/matplotlib/contour.py:370: RuntimeWarning: invalid value encountered in true_divide
  dist = np.add.reduce(([(abs(s)[i] / L[i]) for i in range(xsize)]), -1)
/usr/lib64/python2.7/site-packages/matplotlib/contour.py:370: RuntimeWarning: invalid value encountered in true_divide
  dist = np.add.reduce(([(abs(s)[i] / L[i]) for i in range(xsize)]), -1)
/usr/lib64/python2.7/site-packages/matplotlib/contour.py:370: RuntimeWarning: invalid value encountered in true_divide
  dist = np.add.reduce(([(abs(s)[i] / L[i]) for i in range(xsize)]), -1)
/usr/lib64/python2.7/site-packages/matplotlib/contour.py:370: RuntimeWarning: invalid value encountered in true_divide
  dist = np.add.reduce(([(abs(s)[i] / L[i]) for i in range(xsize)]), -1)
/usr/lib64/python2.7/site-packages/matplotlib/contour.py:370: RuntimeWarning: invalid value encountered in true_divide
  dist = np.add.reduce(([(abs(s)[i] / L[i]) for i in range(xsize)]), -1)
/usr/lib64/python2.7/site-packages/matplotlib/contour.py:370: RuntimeWarning: invalid value encountered in true_divide
  dist = np.add.reduce(([(abs(s)[i] / L[i]) for i in range(xsize)]), -1)
/usr/lib64/python2.7/site-packages/matplotlib/contour.py:370: RuntimeWarning: invalid value encountered in true_divide
  dist = np.add.reduce(([(abs(s)[i] / L[i]) for i in range(xsize)]), -1)
/usr/lib64/python2.7/site-packages/matplotlib/contour.py:370: RuntimeWarning: invalid value encountered in true_divide
  dist = np.add.reduce(([(abs(s)[i] / L[i]) for i in range(xsize)]), -1)
/usr/lib64/python2.7/site-packages/matplotlib/contour.py:370: RuntimeWarning: invalid value encountered in true_divide
  dist = np.add.reduce(([(abs(s)[i] / L[i]) for i in range(xsize)]), -1)
/usr/lib64/python2.7/site-packages/matplotlib/contour.py:370: RuntimeWarning: invalid value encountered in true_divide
  dist = np.add.reduce(([(abs(s)[i] / L[i]) for i in range(xsize)]), -1)
/usr/lib64/python2.7/site-packages/matplotlib/contour.py:370: RuntimeWarning: invalid value encountered in true_divide
  dist = np.add.reduce(([(abs(s)[i] / L[i]) for i in range(xsize)]), -1)
/usr/lib64/python2.7/site-packages/matplotlib/contour.py:370: RuntimeWarning: invalid value encountered in true_divide
  dist = np.add.reduce(([(abs(s)[i] / L[i]) for i in range(xsize)]), -1)
/usr/lib64/python2.7/site-packages/matplotlib/contour.py:370: RuntimeWarning: invalid value encountered in true_divide
  dist = np.add.reduce(([(abs(s)[i] / L[i]) for i in range(xsize)]), -1)
/usr/lib64/python2.7/site-packages/matplotlib/contour.py:370: RuntimeWarning: invalid value encountered in true_divide
  dist = np.add.reduce(([(abs(s)[i] / L[i]) for i in range(xsize)]), -1)
/usr/lib64/python2.7/site-packages/matplotlib/contour.py:370: RuntimeWarning: invalid value encountered in true_divide
  dist = np.add.reduce(([(abs(s)[i] / L[i]) for i in range(xsize)]), -1)
/usr/lib64/python2.7/site-packages/matplotlib/contour.py:370: RuntimeWarning: invalid value encountered in true_divide
  dist = np.add.reduce(([(abs(s)[i] / L[i]) for i in range(xsize)]), -1)
/usr/lib64/python2.7/site-packages/matplotlib/contour.py:370: RuntimeWarning: invalid value encountered in true_divide
  dist = np.add.reduce(([(abs(s)[i] / L[i]) for i in range(xsize)]), -1)
/usr/lib64/python2.7/site-packages/matplotlib/contour.py:370: RuntimeWarning: invalid value encountered in true_divide
  dist = np.add.reduce(([(abs(s)[i] / L[i]) for i in range(xsize)]), -1)
/usr/lib64/python2.7/site-packages/matplotlib/contour.py:370: RuntimeWarning: invalid value encountered in true_divide
  dist = np.add.reduce(([(abs(s)[i] / L[i]) for i in range(xsize)]), -1)
Traceback (most recent call last):
  File "/home/plotbot/grib2/GFS/gfs.pgrb2.0p25.py", line 81, in <module>
    p.plot(gfs, pltenv)
  File "/home/plotbot/grib2/GFS/plot_plugins/surface.py", line 39, in plot
    grb = gribobj.select(name='Pressure reduced to MSL')[0]
  File "pygrib.pyx", line 609, in pygrib.open.select (pygrib.c:6176)
ValueError: no matches found
/usr/lib64/python2.7/site-packages/matplotlib/contour.py:370: RuntimeWarning: invalid value encountered in true_divide
  dist = np.add.reduce(([(abs(s)[i] / L[i]) for i in range(xsize)]), -1)
Traceback (most recent call last):
  File "/home/plotbot/grib2/GFS/gfs.pgrb2.0p25.py", line 81, in <module>
    p.plot(gfs, pltenv)
  File "/home/plotbot/grib2/GFS/plot_plugins/surface.py", line 39, in plot
    grb = gribobj.select(name='Pressure reduced to MSL')[0]
  File "pygrib.pyx", line 609, in pygrib.open.select (pygrib.c:6176)
ValueError: no matches found
/usr/lib64/python2.7/site-packages/matplotlib/contour.py:370: RuntimeWarning: invalid value encountered in true_divide
  dist = np.add.reduce(([(abs(s)[i] / L[i]) for i in range(xsize)]), -1)
/usr/lib64/python2.7/site-packages/matplotlib/contour.py:370: RuntimeWarning: invalid value encountered in true_divide
  dist = np.add.reduce(([(abs(s)[i] / L[i]) for i in range(xsize)]), -1)
/usr/lib64/python2.7/site-packages/matplotlib/contour.py:370: RuntimeWarning: invalid value encountered in true_divide
  dist = np.add.reduce(([(abs(s)[i] / L[i]) for i in range(xsize)]), -1)
/usr/lib64/python2.7/site-packages/matplotlib/contour.py:370: RuntimeWarning: invalid value encountered in true_divide
  dist = np.add.reduce(([(abs(s)[i] / L[i]) for i in range(xsize)]), -1)
/usr/lib64/python2.7/site-packages/matplotlib/contour.py:370: RuntimeWarning: invalid value encountered in true_divide
  dist = np.add.reduce(([(abs(s)[i] / L[i]) for i in range(xsize)]), -1)
/usr/lib64/python2.7/site-packages/matplotlib/contour.py:370: RuntimeWarning: invalid value encountered in true_divide
  dist = np.add.reduce(([(abs(s)[i] / L[i]) for i in range(xsize)]), -1)
/usr/lib64/python2.7/site-packages/matplotlib/contour.py:370: RuntimeWarning: invalid value encountered in true_divide
  dist = np.add.reduce(([(abs(s)[i] / L[i]) for i in range(xsize)]), -1)
/usr/lib64/python2.7/site-packages/matplotlib/contour.py:370: RuntimeWarning: invalid value encountered in true_divide
  dist = np.add.reduce(([(abs(s)[i] / L[i]) for i in range(xsize)]), -1)
/usr/lib64/python2.7/site-packages/matplotlib/contour.py:370: RuntimeWarning: invalid value encountered in true_divide
  dist = np.add.reduce(([(abs(s)[i] / L[i]) for i in range(xsize)]), -1)
/usr/lib64/python2.7/site-packages/matplotlib/contour.py:370: RuntimeWarning: invalid value encountered in true_divide
  dist = np.add.reduce(([(abs(s)[i] / L[i]) for i in range(xsize)]), -1)
/usr/lib64/python2.7/site-packages/matplotlib/contour.py:370: RuntimeWarning: invalid value encountered in true_divide
  dist = np.add.reduce(([(abs(s)[i] / L[i]) for i in range(xsize)]), -1)
/usr/lib64/python2.7/site-packages/matplotlib/contour.py:370: RuntimeWarning: invalid value encountered in true_divide
  dist = np.add.reduce(([(abs(s)[i] / L[i]) for i in range(xsize)]), -1)
/usr/lib64/python2.7/site-packages/matplotlib/contour.py:370: RuntimeWarning: invalid value encountered in true_divide
  dist = np.add.reduce(([(abs(s)[i] / L[i]) for i in range(xsize)]), -1)
/usr/lib64/python2.7/site-packages/matplotlib/contour.py:370: RuntimeWarning: invalid value encountered in true_divide
  dist = np.add.reduce(([(abs(s)[i] / L[i]) for i in range(xsize)]), -1)
/usr/lib64/python2.7/site-packages/matplotlib/contour.py:370: RuntimeWarning: invalid value encountered in true_divide
  dist = np.add.reduce(([(abs(s)[i] / L[i]) for i in range(xsize)]), -1)
/usr/lib64/python2.7/site-packages/matplotlib/contour.py:370: RuntimeWarning: invalid value encountered in true_divide
  dist = np.add.reduce(([(abs(s)[i] / L[i]) for i in range(xsize)]), -1)
/usr/lib64/python2.7/site-packages/matplotlib/contour.py:370: RuntimeWarning: invalid value encountered in true_divide
  dist = np.add.reduce(([(abs(s)[i] / L[i]) for i in range(xsize)]), -1)
/usr/lib64/python2.7/site-packages/matplotlib/contour.py:370: RuntimeWarning: invalid value encountered in true_divide
  dist = np.add.reduce(([(abs(s)[i] / L[i]) for i in range(xsize)]), -1)
/usr/lib64/python2.7/site-packages/matplotlib/contour.py:370: RuntimeWarning: invalid value encountered in true_divide
  dist = np.add.reduce(([(abs(s)[i] / L[i]) for i in range(xsize)]), -1)
/usr/lib64/python2.7/site-packages/matplotlib/contour.py:370: RuntimeWarning: invalid value encountered in true_divide
  dist = np.add.reduce(([(abs(s)[i] / L[i]) for i in range(xsize)]), -1)
/usr/lib64/python2.7/site-packages/matplotlib/contour.py:370: RuntimeWarning: invalid value encountered in true_divide
  dist = np.add.reduce(([(abs(s)[i] / L[i]) for i in range(xsize)]), -1)
/usr/lib64/python2.7/site-packages/matplotlib/contour.py:370: RuntimeWarning: invalid value encountered in true_divide
  dist = np.add.reduce(([(abs(s)[i] / L[i]) for i in range(xsize)]), -1)
/usr/lib64/python2.7/site-packages/matplotlib/contour.py:370: RuntimeWarning: invalid value encountered in true_divide
  dist = np.add.reduce(([(abs(s)[i] / L[i]) for i in range(xsize)]), -1)
/usr/lib64/python2.7/site-packages/matplotlib/contour.py:370: RuntimeWarning: invalid value encountered in true_divide
  dist = np.add.reduce(([(abs(s)[i] / L[i]) for i in range(xsize)]), -1)
/usr/lib64/python2.7/site-packages/matplotlib/contour.py:370: RuntimeWarning: invalid value encountered in true_divide
  dist = np.add.reduce(([(abs(s)[i] / L[i]) for i in range(xsize)]), -1)
/usr/lib64/python2.7/site-packages/matplotlib/contour.py:370: RuntimeWarning: invalid value encountered in true_divide
  dist = np.add.reduce(([(abs(s)[i] / L[i]) for i in range(xsize)]), -1)
/usr/lib64/python2.7/site-packages/matplotlib/contour.py:370: RuntimeWarning: invalid value encountered in true_divide
  dist = np.add.reduce(([(abs(s)[i] / L[i]) for i in range(xsize)]), -1)
/usr/lib64/python2.7/site-packages/matplotlib/contour.py:370: RuntimeWarning: invalid value encountered in true_divide
  dist = np.add.reduce(([(abs(s)[i] / L[i]) for i in range(xsize)]), -1)
/usr/lib64/python2.7/site-packages/matplotlib/contour.py:370: RuntimeWarning: invalid value encountered in true_divide
  dist = np.add.reduce(([(abs(s)[i] / L[i]) for i in range(xsize)]), -1)
/usr/lib64/python2.7/site-packages/matplotlib/contour.py:370: RuntimeWarning: invalid value encountered in true_divide
  dist = np.add.reduce(([(abs(s)[i] / L[i]) for i in range(xsize)]), -1)
/usr/lib64/python2.7/site-packages/matplotlib/contour.py:370: RuntimeWarning: invalid value encountered in true_divide
  dist = np.add.reduce(([(abs(s)[i] / L[i]) for i in range(xsize)]), -1)
/usr/lib64/python2.7/site-packages/matplotlib/contour.py:370: RuntimeWarning: invalid value encountered in true_divide
  dist = np.add.reduce(([(abs(s)[i] / L[i]) for i in range(xsize)]), -1)
/usr/lib64/python2.7/site-packages/matplotlib/contour.py:370: RuntimeWarning: invalid value encountered in true_divide
  dist = np.add.reduce(([(abs(s)[i] / L[i]) for i in range(xsize)]), -1)
/usr/lib64/python2.7/site-packages/matplotlib/contour.py:370: RuntimeWarning: invalid value encountered in true_divide
  dist = np.add.reduce(([(abs(s)[i] / L[i]) for i in range(xsize)]), -1)
/usr/lib64/python2.7/site-packages/matplotlib/contour.py:370: RuntimeWarning: invalid value encountered in true_divide
  dist = np.add.reduce(([(abs(s)[i] / L[i]) for i in range(xsize)]), -1)
/usr/lib64/python2.7/site-packages/matplotlib/contour.py:370: RuntimeWarning: invalid value encountered in true_divide
  dist = np.add.reduce(([(abs(s)[i] / L[i]) for i in range(xsize)]), -1)
/usr/lib64/python2.7/site-packages/matplotlib/contour.py:370: RuntimeWarning: invalid value encountered in true_divide
  dist = np.add.reduce(([(abs(s)[i] / L[i]) for i in range(xsize)]), -1)
/usr/lib64/python2.7/site-packages/matplotlib/contour.py:370: RuntimeWarning: invalid value encountered in true_divide
  dist = np.add.reduce(([(abs(s)[i] / L[i]) for i in range(xsize)]), -1)
/usr/lib64/python2.7/site-packages/matplotlib/contour.py:370: RuntimeWarning: invalid value encountered in true_divide
  dist = np.add.reduce(([(abs(s)[i] / L[i]) for i in range(xsize)]), -1)
Traceback (most recent call last):
  File "/home/plotbot/grib2/GFS/gfs.pgrb2.0p25.py", line 28, in <module>
    inittime = dt.datetime.strptime(inittime,"%Y%m%d%H")
  File "/usr/lib64/python2.7/_strptime.py", line 325, in _strptime
    (data_string, format))
ValueError: time data '/20160515100' does not match format '%Y%m%d%H'
/usr/lib64/python2.7/site-packages/matplotlib/contour.py:370: RuntimeWarning: invalid value encountered in true_divide
  dist = np.add.reduce(([(abs(s)[i] / L[i]) for i in range(xsize)]), -1)
/usr/lib64/python2.7/site-packages/matplotlib/contour.py:370: RuntimeWarning: invalid value encountered in true_divide
  dist = np.add.reduce(([(abs(s)[i] / L[i]) for i in range(xsize)]), -1)
/usr/lib64/python2.7/site-packages/matplotlib/contour.py:370: RuntimeWarning: invalid value encountered in true_divide
  dist = np.add.reduce(([(abs(s)[i] / L[i]) for i in range(xsize)]), -1)
/usr/lib64/python2.7/site-packages/matplotlib/contour.py:370: RuntimeWarning: invalid value encountered in true_divide
  dist = np.add.reduce(([(abs(s)[i] / L[i]) for i in range(xsize)]), -1)
/usr/lib64/python2.7/site-packages/matplotlib/contour.py:370: RuntimeWarning: invalid value encountered in true_divide
  dist = np.add.reduce(([(abs(s)[i] / L[i]) for i in range(xsize)]), -1)
/usr/lib64/python2.7/site-packages/matplotlib/contour.py:370: RuntimeWarning: invalid value encountered in true_divide
  dist = np.add.reduce(([(abs(s)[i] / L[i]) for i in range(xsize)]), -1)
/usr/lib64/python2.7/site-packages/matplotlib/contour.py:370: RuntimeWarning: invalid value encountered in true_divide
  dist = np.add.reduce(([(abs(s)[i] / L[i]) for i in range(xsize)]), -1)
/usr/lib64/python2.7/site-packages/matplotlib/contour.py:370: RuntimeWarning: invalid value encountered in true_divide
  dist = np.add.reduce(([(abs(s)[i] / L[i]) for i in range(xsize)]), -1)
/usr/lib64/python2.7/site-packages/matplotlib/contour.py:370: RuntimeWarning: invalid value encountered in true_divide
  dist = np.add.reduce(([(abs(s)[i] / L[i]) for i in range(xsize)]), -1)
Traceback (most recent call last):
  File "/home/plotbot/grib2/GFS/gfs.pgrb2.0p25.py", line 28, in <module>
    inittime = dt.datetime.strptime(inittime,"%Y%m%d%H")
  File "/usr/lib64/python2.7/_strptime.py", line 325, in _strptime
    (data_string, format))
ValueError: time data '/20160515110' does not match format '%Y%m%d%H'
Traceback (most recent call last):
  File "/home/plotbot/grib2/GFS/gfs.pgrb2.0p25.py", line 28, in <module>
    inittime = dt.datetime.strptime(inittime,"%Y%m%d%H")
  File "/usr/lib64/python2.7/_strptime.py", line 325, in _strptime
    (data_string, format))
ValueError: time data '/20160515120' does not match format '%Y%m%d%H'
Traceback (most recent call last):
  File "/home/plotbot/grib2/GFS/gfs.pgrb2.0p25.py", line 28, in <module>
    inittime = dt.datetime.strptime(inittime,"%Y%m%d%H")
  File "/usr/lib64/python2.7/_strptime.py", line 325, in _strptime
    (data_string, format))
ValueError: time data '/20160515130' does not match format '%Y%m%d%H'
Traceback (most recent call last):
  File "/home/plotbot/grib2/GFS/gfs.pgrb2.0p25.py", line 81, in <module>
    p.plot(gfs, pltenv)
  File "/home/plotbot/grib2/GFS/plot_plugins/surface.py", line 150, in plot
    m.contourf(x,y,precip,levels,cmap=precip_colormap, norm=norm)
  File "/usr/lib64/python2.7/site-packages/mpl_toolkits/basemap/__init__.py", line 521, in with_transform
    return plotfunc(self,x,y,data,*args,**kwargs)
  File "/usr/lib64/python2.7/site-packages/mpl_toolkits/basemap/__init__.py", line 3671, in contourf
    mask = np.logical_or(ma.getmaskarray(data),xymask)
ValueError: operands could not be broadcast together with shapes (141,401) (721,1440) 
/usr/lib64/python2.7/site-packages/matplotlib/contour.py:370: RuntimeWarning: invalid value encountered in true_divide
  dist = np.add.reduce(([(abs(s)[i] / L[i]) for i in range(xsize)]), -1)
/usr/lib64/python2.7/site-packages/matplotlib/contour.py:370: RuntimeWarning: invalid value encountered in true_divide
  dist = np.add.reduce(([(abs(s)[i] / L[i]) for i in range(xsize)]), -1)
/usr/lib64/python2.7/site-packages/matplotlib/contour.py:370: RuntimeWarning: invalid value encountered in true_divide
  dist = np.add.reduce(([(abs(s)[i] / L[i]) for i in range(xsize)]), -1)
/usr/lib64/python2.7/site-packages/matplotlib/contour.py:370: RuntimeWarning: invalid value encountered in true_divide
  dist = np.add.reduce(([(abs(s)[i] / L[i]) for i in range(xsize)]), -1)
/usr/lib64/python2.7/site-packages/matplotlib/contour.py:370: RuntimeWarning: invalid value encountered in true_divide
  dist = np.add.reduce(([(abs(s)[i] / L[i]) for i in range(xsize)]), -1)
/usr/lib64/python2.7/site-packages/matplotlib/contour.py:370: RuntimeWarning: invalid value encountered in true_divide
  dist = np.add.reduce(([(abs(s)[i] / L[i]) for i in range(xsize)]), -1)
/usr/lib64/python2.7/site-packages/matplotlib/contour.py:370: RuntimeWarning: invalid value encountered in true_divide
  dist = np.add.reduce(([(abs(s)[i] / L[i]) for i in range(xsize)]), -1)
/usr/lib64/python2.7/site-packages/matplotlib/contour.py:370: RuntimeWarning: invalid value encountered in true_divide
  dist = np.add.reduce(([(abs(s)[i] / L[i]) for i in range(xsize)]), -1)
/usr/lib64/python2.7/site-packages/matplotlib/contour.py:370: RuntimeWarning: invalid value encountered in true_divide
  dist = np.add.reduce(([(abs(s)[i] / L[i]) for i in range(xsize)]), -1)
/usr/lib64/python2.7/site-packages/matplotlib/contour.py:370: RuntimeWarning: invalid value encountered in true_divide
  dist = np.add.reduce(([(abs(s)[i] / L[i]) for i in range(xsize)]), -1)
/usr/lib64/python2.7/site-packages/matplotlib/contour.py:370: RuntimeWarning: invalid value encountered in true_divide
  dist = np.add.reduce(([(abs(s)[i] / L[i]) for i in range(xsize)]), -1)
/usr/lib64/python2.7/site-packages/matplotlib/contour.py:370: RuntimeWarning: invalid value encountered in true_divide
  dist = np.add.reduce(([(abs(s)[i] / L[i]) for i in range(xsize)]), -1)
/usr/lib64/python2.7/site-packages/matplotlib/contour.py:370: RuntimeWarning: invalid value encountered in true_divide
  dist = np.add.reduce(([(abs(s)[i] / L[i]) for i in range(xsize)]), -1)
/usr/lib64/python2.7/site-packages/matplotlib/contour.py:370: RuntimeWarning: invalid value encountered in true_divide
  dist = np.add.reduce(([(abs(s)[i] / L[i]) for i in range(xsize)]), -1)
/usr/lib64/python2.7/site-packages/matplotlib/contour.py:370: RuntimeWarning: invalid value encountered in true_divide
  dist = np.add.reduce(([(abs(s)[i] / L[i]) for i in range(xsize)]), -1)
/usr/lib64/python2.7/site-packages/matplotlib/contour.py:370: RuntimeWarning: invalid value encountered in true_divide
  dist = np.add.reduce(([(abs(s)[i] / L[i]) for i in range(xsize)]), -1)
/usr/lib64/python2.7/site-packages/matplotlib/contour.py:370: RuntimeWarning: invalid value encountered in true_divide
  dist = np.add.reduce(([(abs(s)[i] / L[i]) for i in range(xsize)]), -1)
/usr/lib64/python2.7/site-packages/matplotlib/contour.py:370: RuntimeWarning: invalid value encountered in true_divide
  dist = np.add.reduce(([(abs(s)[i] / L[i]) for i in range(xsize)]), -1)
/usr/lib64/python2.7/site-packages/matplotlib/contour.py:370: RuntimeWarning: invalid value encountered in true_divide
  dist = np.add.reduce(([(abs(s)[i] / L[i]) for i in range(xsize)]), -1)
/usr/lib64/python2.7/site-packages/matplotlib/contour.py:370: RuntimeWarning: invalid value encountered in true_divide
  dist = np.add.reduce(([(abs(s)[i] / L[i]) for i in range(xsize)]), -1)
/usr/lib64/python2.7/site-packages/matplotlib/contour.py:370: RuntimeWarning: invalid value encountered in true_divide
  dist = np.add.reduce(([(abs(s)[i] / L[i]) for i in range(xsize)]), -1)
/usr/lib64/python2.7/site-packages/matplotlib/contour.py:370: RuntimeWarning: invalid value encountered in true_divide
  dist = np.add.reduce(([(abs(s)[i] / L[i]) for i in range(xsize)]), -1)
/usr/lib64/python2.7/site-packages/matplotlib/contour.py:370: RuntimeWarning: invalid value encountered in true_divide
  dist = np.add.reduce(([(abs(s)[i] / L[i]) for i in range(xsize)]), -1)
/usr/lib64/python2.7/site-packages/matplotlib/contour.py:370: RuntimeWarning: invalid value encountered in true_divide
  dist = np.add.reduce(([(abs(s)[i] / L[i]) for i in range(xsize)]), -1)
/usr/lib64/python2.7/site-packages/matplotlib/contour.py:370: RuntimeWarning: invalid value encountered in true_divide
  dist = np.add.reduce(([(abs(s)[i] / L[i]) for i in range(xsize)]), -1)
/usr/lib64/python2.7/site-packages/matplotlib/contour.py:370: RuntimeWarning: invalid value encountered in true_divide
  dist = np.add.reduce(([(abs(s)[i] / L[i]) for i in range(xsize)]), -1)
/usr/lib64/python2.7/site-packages/matplotlib/contour.py:370: RuntimeWarning: invalid value encountered in true_divide
  dist = np.add.reduce(([(abs(s)[i] / L[i]) for i in range(xsize)]), -1)
/usr/lib64/python2.7/site-packages/matplotlib/contour.py:370: RuntimeWarning: invalid value encountered in true_divide
  dist = np.add.reduce(([(abs(s)[i] / L[i]) for i in range(xsize)]), -1)
/usr/lib64/python2.7/site-packages/matplotlib/contour.py:370: RuntimeWarning: invalid value encountered in true_divide
  dist = np.add.reduce(([(abs(s)[i] / L[i]) for i in range(xsize)]), -1)
/usr/lib64/python2.7/site-packages/matplotlib/contour.py:370: RuntimeWarning: invalid value encountered in true_divide
  dist = np.add.reduce(([(abs(s)[i] / L[i]) for i in range(xsize)]), -1)
/usr/lib64/python2.7/site-packages/matplotlib/contour.py:370: RuntimeWarning: invalid value encountered in true_divide
  dist = np.add.reduce(([(abs(s)[i] / L[i]) for i in range(xsize)]), -1)
/usr/lib64/python2.7/site-packages/matplotlib/contour.py:370: RuntimeWarning: invalid value encountered in true_divide
  dist = np.add.reduce(([(abs(s)[i] / L[i]) for i in range(xsize)]), -1)
/usr/lib64/python2.7/site-packages/matplotlib/contour.py:370: RuntimeWarning: invalid value encountered in true_divide
  dist = np.add.reduce(([(abs(s)[i] / L[i]) for i in range(xsize)]), -1)
/usr/lib64/python2.7/site-packages/matplotlib/contour.py:370: RuntimeWarning: invalid value encountered in true_divide
  dist = np.add.reduce(([(abs(s)[i] / L[i]) for i in range(xsize)]), -1)
/usr/lib64/python2.7/site-packages/matplotlib/contour.py:370: RuntimeWarning: invalid value encountered in true_divide
  dist = np.add.reduce(([(abs(s)[i] / L[i]) for i in range(xsize)]), -1)
/usr/lib64/python2.7/site-packages/matplotlib/contour.py:370: RuntimeWarning: invalid value encountered in true_divide
  dist = np.add.reduce(([(abs(s)[i] / L[i]) for i in range(xsize)]), -1)
/usr/lib64/python2.7/site-packages/matplotlib/contour.py:370: RuntimeWarning: invalid value encountered in true_divide
  dist = np.add.reduce(([(abs(s)[i] / L[i]) for i in range(xsize)]), -1)
/usr/lib64/python2.7/site-packages/matplotlib/contour.py:370: RuntimeWarning: invalid value encountered in true_divide
  dist = np.add.reduce(([(abs(s)[i] / L[i]) for i in range(xsize)]), -1)
/usr/lib64/python2.7/site-packages/matplotlib/contour.py:370: RuntimeWarning: invalid value encountered in true_divide
  dist = np.add.reduce(([(abs(s)[i] / L[i]) for i in range(xsize)]), -1)
/usr/lib64/python2.7/site-packages/matplotlib/contour.py:370: RuntimeWarning: invalid value encountered in true_divide
  dist = np.add.reduce(([(abs(s)[i] / L[i]) for i in range(xsize)]), -1)
/usr/lib64/python2.7/site-packages/matplotlib/contour.py:370: RuntimeWarning: invalid value encountered in true_divide
  dist = np.add.reduce(([(abs(s)[i] / L[i]) for i in range(xsize)]), -1)
/usr/lib64/python2.7/site-packages/matplotlib/contour.py:370: RuntimeWarning: invalid value encountered in true_divide
  dist = np.add.reduce(([(abs(s)[i] / L[i]) for i in range(xsize)]), -1)
/usr/lib64/python2.7/site-packages/matplotlib/contour.py:370: RuntimeWarning: invalid value encountered in true_divide
  dist = np.add.reduce(([(abs(s)[i] / L[i]) for i in range(xsize)]), -1)
/usr/lib64/python2.7/site-packages/matplotlib/contour.py:370: RuntimeWarning: invalid value encountered in true_divide
  dist = np.add.reduce(([(abs(s)[i] / L[i]) for i in range(xsize)]), -1)
/usr/lib64/python2.7/site-packages/matplotlib/contour.py:370: RuntimeWarning: invalid value encountered in true_divide
  dist = np.add.reduce(([(abs(s)[i] / L[i]) for i in range(xsize)]), -1)
/usr/lib64/python2.7/site-packages/matplotlib/contour.py:370: RuntimeWarning: invalid value encountered in true_divide
  dist = np.add.reduce(([(abs(s)[i] / L[i]) for i in range(xsize)]), -1)
/usr/lib64/python2.7/site-packages/matplotlib/contour.py:370: RuntimeWarning: invalid value encountered in true_divide
  dist = np.add.reduce(([(abs(s)[i] / L[i]) for i in range(xsize)]), -1)
/usr/lib64/python2.7/site-packages/matplotlib/contour.py:370: RuntimeWarning: invalid value encountered in true_divide
  dist = np.add.reduce(([(abs(s)[i] / L[i]) for i in range(xsize)]), -1)
/usr/lib64/python2.7/site-packages/matplotlib/contour.py:370: RuntimeWarning: invalid value encountered in true_divide
  dist = np.add.reduce(([(abs(s)[i] / L[i]) for i in range(xsize)]), -1)
/usr/lib64/python2.7/site-packages/matplotlib/contour.py:370: RuntimeWarning: invalid value encountered in true_divide
  dist = np.add.reduce(([(abs(s)[i] / L[i]) for i in range(xsize)]), -1)
/usr/lib64/python2.7/site-packages/matplotlib/contour.py:370: RuntimeWarning: invalid value encountered in true_divide
  dist = np.add.reduce(([(abs(s)[i] / L[i]) for i in range(xsize)]), -1)
/usr/lib64/python2.7/site-packages/matplotlib/contour.py:370: RuntimeWarning: invalid value encountered in true_divide
  dist = np.add.reduce(([(abs(s)[i] / L[i]) for i in range(xsize)]), -1)
/usr/lib64/python2.7/site-packages/matplotlib/contour.py:370: RuntimeWarning: invalid value encountered in true_divide
  dist = np.add.reduce(([(abs(s)[i] / L[i]) for i in range(xsize)]), -1)
/usr/lib64/python2.7/site-packages/matplotlib/contour.py:370: RuntimeWarning: invalid value encountered in true_divide
  dist = np.add.reduce(([(abs(s)[i] / L[i]) for i in range(xsize)]), -1)
/usr/lib64/python2.7/site-packages/matplotlib/contour.py:370: RuntimeWarning: invalid value encountered in true_divide
  dist = np.add.reduce(([(abs(s)[i] / L[i]) for i in range(xsize)]), -1)
Traceback (most recent call last):
  File "/home/plotbot/grib2/HRRR/HRRR.py", line 81, in <module>
    p.plot(hrrr, pltenv)
  File "/home/plotbot/grib2/HRRR/plot_plugins/reflect_1km.py", line 37, in plot
    dBZ = gribobj.select(name='Derived radar reflectivity',typeOfLevel='heightAboveGround',level=1000)[0]
  File "pygrib.pyx", line 609, in pygrib.open.select (pygrib.c:6176)
ValueError: no matches found
/usr/lib64/python2.7/site-packages/matplotlib/contour.py:370: RuntimeWarning: invalid value encountered in true_divide
  dist = np.add.reduce(([(abs(s)[i] / L[i]) for i in range(xsize)]), -1)
/usr/lib64/python2.7/site-packages/matplotlib/contour.py:370: RuntimeWarning: invalid value encountered in true_divide
  dist = np.add.reduce(([(abs(s)[i] / L[i]) for i in range(xsize)]), -1)
/usr/lib64/python2.7/site-packages/matplotlib/contour.py:370: RuntimeWarning: invalid value encountered in true_divide
  dist = np.add.reduce(([(abs(s)[i] / L[i]) for i in range(xsize)]), -1)
/usr/lib64/python2.7/site-packages/matplotlib/contour.py:370: RuntimeWarning: invalid value encountered in true_divide
  dist = np.add.reduce(([(abs(s)[i] / L[i]) for i in range(xsize)]), -1)
/usr/lib64/python2.7/site-packages/matplotlib/contour.py:370: RuntimeWarning: invalid value encountered in true_divide
  dist = np.add.reduce(([(abs(s)[i] / L[i]) for i in range(xsize)]), -1)
/usr/lib64/python2.7/site-packages/matplotlib/contour.py:370: RuntimeWarning: invalid value encountered in true_divide
  dist = np.add.reduce(([(abs(s)[i] / L[i]) for i in range(xsize)]), -1)
/usr/lib64/python2.7/site-packages/matplotlib/contour.py:370: RuntimeWarning: invalid value encountered in true_divide
  dist = np.add.reduce(([(abs(s)[i] / L[i]) for i in range(xsize)]), -1)
/usr/lib64/python2.7/site-packages/matplotlib/contour.py:370: RuntimeWarning: invalid value encountered in true_divide
  dist = np.add.reduce(([(abs(s)[i] / L[i]) for i in range(xsize)]), -1)
/usr/lib64/python2.7/site-packages/matplotlib/contour.py:370: RuntimeWarning: invalid value encountered in true_divide
  dist = np.add.reduce(([(abs(s)[i] / L[i]) for i in range(xsize)]), -1)
/usr/lib64/python2.7/site-packages/matplotlib/contour.py:370: RuntimeWarning: invalid value encountered in true_divide
  dist = np.add.reduce(([(abs(s)[i] / L[i]) for i in range(xsize)]), -1)
/usr/lib64/python2.7/site-packages/matplotlib/contour.py:370: RuntimeWarning: invalid value encountered in true_divide
  dist = np.add.reduce(([(abs(s)[i] / L[i]) for i in range(xsize)]), -1)
/usr/lib64/python2.7/site-packages/matplotlib/contour.py:370: RuntimeWarning: invalid value encountered in true_divide
  dist = np.add.reduce(([(abs(s)[i] / L[i]) for i in range(xsize)]), -1)
/usr/lib64/python2.7/site-packages/matplotlib/contour.py:370: RuntimeWarning: invalid value encountered in true_divide
  dist = np.add.reduce(([(abs(s)[i] / L[i]) for i in range(xsize)]), -1)
/usr/lib64/python2.7/site-packages/matplotlib/contour.py:370: RuntimeWarning: invalid value encountered in true_divide
  dist = np.add.reduce(([(abs(s)[i] / L[i]) for i in range(xsize)]), -1)
/usr/lib64/python2.7/site-packages/matplotlib/contour.py:370: RuntimeWarning: invalid value encountered in true_divide
  dist = np.add.reduce(([(abs(s)[i] / L[i]) for i in range(xsize)]), -1)
/usr/lib64/python2.7/site-packages/matplotlib/contour.py:370: RuntimeWarning: invalid value encountered in true_divide
  dist = np.add.reduce(([(abs(s)[i] / L[i]) for i in range(xsize)]), -1)
/usr/lib64/python2.7/site-packages/matplotlib/contour.py:370: RuntimeWarning: invalid value encountered in true_divide
  dist = np.add.reduce(([(abs(s)[i] / L[i]) for i in range(xsize)]), -1)
/usr/lib64/python2.7/site-packages/matplotlib/contour.py:370: RuntimeWarning: invalid value encountered in true_divide
  dist = np.add.reduce(([(abs(s)[i] / L[i]) for i in range(xsize)]), -1)
/usr/lib64/python2.7/site-packages/matplotlib/contour.py:370: RuntimeWarning: invalid value encountered in true_divide
  dist = np.add.reduce(([(abs(s)[i] / L[i]) for i in range(xsize)]), -1)
/usr/lib64/python2.7/site-packages/matplotlib/contour.py:370: RuntimeWarning: invalid value encountered in true_divide
  dist = np.add.reduce(([(abs(s)[i] / L[i]) for i in range(xsize)]), -1)
/usr/lib64/python2.7/site-packages/matplotlib/contour.py:370: RuntimeWarning: invalid value encountered in true_divide
  dist = np.add.reduce(([(abs(s)[i] / L[i]) for i in range(xsize)]), -1)
/usr/lib64/python2.7/site-packages/matplotlib/contour.py:370: RuntimeWarning: invalid value encountered in true_divide
  dist = np.add.reduce(([(abs(s)[i] / L[i]) for i in range(xsize)]), -1)
/usr/lib64/python2.7/site-packages/matplotlib/contour.py:370: RuntimeWarning: invalid value encountered in true_divide
  dist = np.add.reduce(([(abs(s)[i] / L[i]) for i in range(xsize)]), -1)
/usr/lib64/python2.7/site-packages/matplotlib/contour.py:370: RuntimeWarning: invalid value encountered in true_divide
  dist = np.add.reduce(([(abs(s)[i] / L[i]) for i in range(xsize)]), -1)
/usr/lib64/python2.7/site-packages/matplotlib/contour.py:370: RuntimeWarning: invalid value encountered in true_divide
  dist = np.add.reduce(([(abs(s)[i] / L[i]) for i in range(xsize)]), -1)
/usr/lib64/python2.7/site-packages/matplotlib/contour.py:370: RuntimeWarning: invalid value encountered in true_divide
  dist = np.add.reduce(([(abs(s)[i] / L[i]) for i in range(xsize)]), -1)
/usr/lib64/python2.7/site-packages/matplotlib/contour.py:370: RuntimeWarning: invalid value encountered in true_divide
  dist = np.add.reduce(([(abs(s)[i] / L[i]) for i in range(xsize)]), -1)
/usr/lib64/python2.7/site-packages/matplotlib/contour.py:370: RuntimeWarning: invalid value encountered in true_divide
  dist = np.add.reduce(([(abs(s)[i] / L[i]) for i in range(xsize)]), -1)
/usr/lib64/python2.7/site-packages/matplotlib/contour.py:370: RuntimeWarning: invalid value encountered in true_divide
  dist = np.add.reduce(([(abs(s)[i] / L[i]) for i in range(xsize)]), -1)
/usr/lib64/python2.7/site-packages/matplotlib/contour.py:370: RuntimeWarning: invalid value encountered in true_divide
  dist = np.add.reduce(([(abs(s)[i] / L[i]) for i in range(xsize)]), -1)
/usr/lib64/python2.7/site-packages/matplotlib/contour.py:370: RuntimeWarning: invalid value encountered in true_divide
  dist = np.add.reduce(([(abs(s)[i] / L[i]) for i in range(xsize)]), -1)
/usr/lib64/python2.7/site-packages/matplotlib/contour.py:370: RuntimeWarning: invalid value encountered in true_divide
  dist = np.add.reduce(([(abs(s)[i] / L[i]) for i in range(xsize)]), -1)
/usr/lib64/python2.7/site-packages/matplotlib/contour.py:370: RuntimeWarning: invalid value encountered in true_divide
  dist = np.add.reduce(([(abs(s)[i] / L[i]) for i in range(xsize)]), -1)
/usr/lib64/python2.7/site-packages/matplotlib/contour.py:370: RuntimeWarning: invalid value encountered in true_divide
  dist = np.add.reduce(([(abs(s)[i] / L[i]) for i in range(xsize)]), -1)
/usr/lib64/python2.7/site-packages/matplotlib/contour.py:370: RuntimeWarning: invalid value encountered in true_divide
  dist = np.add.reduce(([(abs(s)[i] / L[i]) for i in range(xsize)]), -1)
/usr/lib64/python2.7/site-packages/matplotlib/contour.py:370: RuntimeWarning: invalid value encountered in true_divide
  dist = np.add.reduce(([(abs(s)[i] / L[i]) for i in range(xsize)]), -1)
/usr/lib64/python2.7/site-packages/matplotlib/contour.py:370: RuntimeWarning: invalid value encountered in true_divide
  dist = np.add.reduce(([(abs(s)[i] / L[i]) for i in range(xsize)]), -1)
Traceback (most recent call last):
  File "/home/plotbot/grib2/GFS/gfs.pgrb2.0p25.py", line 81, in <module>
    p.plot(gfs, pltenv)
  File "/home/plotbot/grib2/GFS/plot_plugins/surface.py", line 150, in plot
    m.contourf(x,y,precip,levels,cmap=precip_colormap, norm=norm)
  File "/usr/lib64/python2.7/site-packages/mpl_toolkits/basemap/__init__.py", line 521, in with_transform
    return plotfunc(self,x,y,data,*args,**kwargs)
  File "/usr/lib64/python2.7/site-packages/mpl_toolkits/basemap/__init__.py", line 3671, in contourf
    mask = np.logical_or(ma.getmaskarray(data),xymask)
ValueError: operands could not be broadcast together with shapes (141,401) (721,1440) 
/usr/lib64/python2.7/site-packages/matplotlib/contour.py:370: RuntimeWarning: invalid value encountered in true_divide
  dist = np.add.reduce(([(abs(s)[i] / L[i]) for i in range(xsize)]), -1)
/usr/lib64/python2.7/site-packages/matplotlib/contour.py:370: RuntimeWarning: invalid value encountered in true_divide
  dist = np.add.reduce(([(abs(s)[i] / L[i]) for i in range(xsize)]), -1)
/usr/lib64/python2.7/site-packages/matplotlib/contour.py:370: RuntimeWarning: invalid value encountered in true_divide
  dist = np.add.reduce(([(abs(s)[i] / L[i]) for i in range(xsize)]), -1)
/usr/lib64/python2.7/site-packages/matplotlib/contour.py:370: RuntimeWarning: invalid value encountered in true_divide
  dist = np.add.reduce(([(abs(s)[i] / L[i]) for i in range(xsize)]), -1)
/usr/lib64/python2.7/site-packages/matplotlib/contour.py:370: RuntimeWarning: invalid value encountered in true_divide
  dist = np.add.reduce(([(abs(s)[i] / L[i]) for i in range(xsize)]), -1)
/usr/lib64/python2.7/site-packages/matplotlib/contour.py:370: RuntimeWarning: invalid value encountered in true_divide
  dist = np.add.reduce(([(abs(s)[i] / L[i]) for i in range(xsize)]), -1)
/usr/lib64/python2.7/site-packages/matplotlib/contour.py:370: RuntimeWarning: invalid value encountered in true_divide
  dist = np.add.reduce(([(abs(s)[i] / L[i]) for i in range(xsize)]), -1)
Traceback (most recent call last):
  File "/home/plotbot/grib2/GFS/gfs.pgrb2.0p25.py", line 81, in <module>
    p.plot(gfs, pltenv)
  File "/home/plotbot/grib2/GFS/plot_plugins/surface.py", line 40, in plot
    grb = gribobj.select(name='Pressure reduced to MSL')[0]
  File "pygrib.pyx", line 609, in pygrib.open.select (pygrib.c:6176)
ValueError: no matches found
/usr/lib64/python2.7/site-packages/matplotlib/contour.py:370: RuntimeWarning: invalid value encountered in true_divide
  dist = np.add.reduce(([(abs(s)[i] / L[i]) for i in range(xsize)]), -1)
/usr/lib64/python2.7/site-packages/matplotlib/contour.py:370: RuntimeWarning: invalid value encountered in true_divide
  dist = np.add.reduce(([(abs(s)[i] / L[i]) for i in range(xsize)]), -1)
/usr/lib64/python2.7/site-packages/matplotlib/contour.py:370: RuntimeWarning: invalid value encountered in true_divide
  dist = np.add.reduce(([(abs(s)[i] / L[i]) for i in range(xsize)]), -1)
/usr/lib64/python2.7/site-packages/matplotlib/contour.py:370: RuntimeWarning: invalid value encountered in true_divide
  dist = np.add.reduce(([(abs(s)[i] / L[i]) for i in range(xsize)]), -1)
/usr/lib64/python2.7/site-packages/matplotlib/contour.py:370: RuntimeWarning: invalid value encountered in true_divide
  dist = np.add.reduce(([(abs(s)[i] / L[i]) for i in range(xsize)]), -1)
/usr/lib64/python2.7/site-packages/matplotlib/contour.py:370: RuntimeWarning: invalid value encountered in true_divide
  dist = np.add.reduce(([(abs(s)[i] / L[i]) for i in range(xsize)]), -1)
/usr/lib64/python2.7/site-packages/matplotlib/contour.py:370: RuntimeWarning: invalid value encountered in true_divide
  dist = np.add.reduce(([(abs(s)[i] / L[i]) for i in range(xsize)]), -1)
/usr/lib64/python2.7/site-packages/matplotlib/contour.py:370: RuntimeWarning: invalid value encountered in true_divide
  dist = np.add.reduce(([(abs(s)[i] / L[i]) for i in range(xsize)]), -1)
/usr/lib64/python2.7/site-packages/matplotlib/contour.py:370: RuntimeWarning: invalid value encountered in true_divide
  dist = np.add.reduce(([(abs(s)[i] / L[i]) for i in range(xsize)]), -1)
/usr/lib64/python2.7/site-packages/matplotlib/contour.py:370: RuntimeWarning: invalid value encountered in true_divide
  dist = np.add.reduce(([(abs(s)[i] / L[i]) for i in range(xsize)]), -1)
/usr/lib64/python2.7/site-packages/matplotlib/contour.py:370: RuntimeWarning: invalid value encountered in true_divide
  dist = np.add.reduce(([(abs(s)[i] / L[i]) for i in range(xsize)]), -1)
/usr/lib64/python2.7/site-packages/matplotlib/contour.py:370: RuntimeWarning: invalid value encountered in true_divide
  dist = np.add.reduce(([(abs(s)[i] / L[i]) for i in range(xsize)]), -1)
/usr/lib64/python2.7/site-packages/matplotlib/contour.py:370: RuntimeWarning: invalid value encountered in true_divide
  dist = np.add.reduce(([(abs(s)[i] / L[i]) for i in range(xsize)]), -1)
/usr/lib64/python2.7/site-packages/matplotlib/contour.py:370: RuntimeWarning: invalid value encountered in true_divide
  dist = np.add.reduce(([(abs(s)[i] / L[i]) for i in range(xsize)]), -1)
/usr/lib64/python2.7/site-packages/matplotlib/contour.py:370: RuntimeWarning: invalid value encountered in true_divide
  dist = np.add.reduce(([(abs(s)[i] / L[i]) for i in range(xsize)]), -1)
/usr/lib64/python2.7/site-packages/matplotlib/contour.py:370: RuntimeWarning: invalid value encountered in true_divide
  dist = np.add.reduce(([(abs(s)[i] / L[i]) for i in range(xsize)]), -1)
/usr/lib64/python2.7/site-packages/matplotlib/contour.py:370: RuntimeWarning: invalid value encountered in true_divide
  dist = np.add.reduce(([(abs(s)[i] / L[i]) for i in range(xsize)]), -1)
/usr/lib64/python2.7/site-packages/matplotlib/contour.py:370: RuntimeWarning: invalid value encountered in true_divide
  dist = np.add.reduce(([(abs(s)[i] / L[i]) for i in range(xsize)]), -1)
/usr/lib64/python2.7/site-packages/matplotlib/contour.py:370: RuntimeWarning: invalid value encountered in true_divide
  dist = np.add.reduce(([(abs(s)[i] / L[i]) for i in range(xsize)]), -1)
/usr/lib64/python2.7/site-packages/matplotlib/contour.py:370: RuntimeWarning: invalid value encountered in true_divide
  dist = np.add.reduce(([(abs(s)[i] / L[i]) for i in range(xsize)]), -1)
/usr/lib64/python2.7/site-packages/matplotlib/contour.py:370: RuntimeWarning: invalid value encountered in true_divide
  dist = np.add.reduce(([(abs(s)[i] / L[i]) for i in range(xsize)]), -1)
/usr/lib64/python2.7/site-packages/matplotlib/contour.py:370: RuntimeWarning: invalid value encountered in true_divide
  dist = np.add.reduce(([(abs(s)[i] / L[i]) for i in range(xsize)]), -1)
/usr/lib64/python2.7/site-packages/matplotlib/contour.py:370: RuntimeWarning: invalid value encountered in true_divide
  dist = np.add.reduce(([(abs(s)[i] / L[i]) for i in range(xsize)]), -1)
/usr/lib64/python2.7/site-packages/matplotlib/contour.py:370: RuntimeWarning: invalid value encountered in true_divide
  dist = np.add.reduce(([(abs(s)[i] / L[i]) for i in range(xsize)]), -1)
/usr/lib64/python2.7/site-packages/matplotlib/contour.py:370: RuntimeWarning: invalid value encountered in true_divide
  dist = np.add.reduce(([(abs(s)[i] / L[i]) for i in range(xsize)]), -1)
Traceback (most recent call last):
  File "/home/plotbot/grib2/GFS/gfs.pgrb2.0p25.py", line 81, in <module>
    p.plot(gfs, pltenv)
  File "/home/plotbot/grib2/GFS/plot_plugins/surface.py", line 40, in plot
    grb = gribobj.select(name='Pressure reduced to MSL')[0]
  File "pygrib.pyx", line 609, in pygrib.open.select (pygrib.c:6176)
ValueError: no matches found
/usr/lib64/python2.7/site-packages/matplotlib/contour.py:370: RuntimeWarning: invalid value encountered in true_divide
  dist = np.add.reduce(([(abs(s)[i] / L[i]) for i in range(xsize)]), -1)
/usr/lib64/python2.7/site-packages/matplotlib/contour.py:370: RuntimeWarning: invalid value encountered in true_divide
  dist = np.add.reduce(([(abs(s)[i] / L[i]) for i in range(xsize)]), -1)
/usr/lib64/python2.7/site-packages/matplotlib/contour.py:370: RuntimeWarning: invalid value encountered in true_divide
  dist = np.add.reduce(([(abs(s)[i] / L[i]) for i in range(xsize)]), -1)
/usr/lib64/python2.7/site-packages/matplotlib/contour.py:370: RuntimeWarning: invalid value encountered in true_divide
  dist = np.add.reduce(([(abs(s)[i] / L[i]) for i in range(xsize)]), -1)
/usr/lib64/python2.7/site-packages/matplotlib/contour.py:370: RuntimeWarning: invalid value encountered in true_divide
  dist = np.add.reduce(([(abs(s)[i] / L[i]) for i in range(xsize)]), -1)
Traceback (most recent call last):
  File "/home/plotbot/grib2/GFS/gfs.pgrb2.0p25.py", line 81, in <module>
    p.plot(gfs, pltenv)
  File "/home/plotbot/grib2/GFS/plot_plugins/surface.py", line 90, in plot
    gpm1000 = gribobj.select(name='Geopotential Height',typeOfLevel='isobaricInhPa',level=1000)[0]
  File "pygrib.pyx", line 609, in pygrib.open.select (pygrib.c:6176)
ValueError: no matches found
/usr/lib64/python2.7/site-packages/matplotlib/contour.py:370: RuntimeWarning: invalid value encountered in true_divide
  dist = np.add.reduce(([(abs(s)[i] / L[i]) for i in range(xsize)]), -1)
/usr/lib64/python2.7/site-packages/matplotlib/contour.py:370: RuntimeWarning: invalid value encountered in true_divide
  dist = np.add.reduce(([(abs(s)[i] / L[i]) for i in range(xsize)]), -1)
/usr/lib64/python2.7/site-packages/matplotlib/contour.py:370: RuntimeWarning: invalid value encountered in true_divide
  dist = np.add.reduce(([(abs(s)[i] / L[i]) for i in range(xsize)]), -1)
/usr/lib64/python2.7/site-packages/matplotlib/contour.py:370: RuntimeWarning: invalid value encountered in true_divide
  dist = np.add.reduce(([(abs(s)[i] / L[i]) for i in range(xsize)]), -1)
/usr/lib64/python2.7/site-packages/matplotlib/contour.py:370: RuntimeWarning: invalid value encountered in true_divide
  dist = np.add.reduce(([(abs(s)[i] / L[i]) for i in range(xsize)]), -1)
/usr/lib64/python2.7/site-packages/matplotlib/contour.py:370: RuntimeWarning: invalid value encountered in true_divide
  dist = np.add.reduce(([(abs(s)[i] / L[i]) for i in range(xsize)]), -1)
/usr/lib64/python2.7/site-packages/matplotlib/contour.py:370: RuntimeWarning: invalid value encountered in true_divide
  dist = np.add.reduce(([(abs(s)[i] / L[i]) for i in range(xsize)]), -1)
/usr/lib64/python2.7/site-packages/matplotlib/contour.py:370: RuntimeWarning: invalid value encountered in true_divide
  dist = np.add.reduce(([(abs(s)[i] / L[i]) for i in range(xsize)]), -1)
/usr/lib64/python2.7/site-packages/matplotlib/contour.py:370: RuntimeWarning: invalid value encountered in true_divide
  dist = np.add.reduce(([(abs(s)[i] / L[i]) for i in range(xsize)]), -1)
/usr/lib64/python2.7/site-packages/matplotlib/contour.py:370: RuntimeWarning: invalid value encountered in true_divide
  dist = np.add.reduce(([(abs(s)[i] / L[i]) for i in range(xsize)]), -1)
/usr/lib64/python2.7/site-packages/matplotlib/contour.py:370: RuntimeWarning: invalid value encountered in true_divide
  dist = np.add.reduce(([(abs(s)[i] / L[i]) for i in range(xsize)]), -1)
/usr/lib64/python2.7/site-packages/matplotlib/contour.py:370: RuntimeWarning: invalid value encountered in true_divide
  dist = np.add.reduce(([(abs(s)[i] / L[i]) for i in range(xsize)]), -1)
/usr/lib64/python2.7/site-packages/matplotlib/contour.py:370: RuntimeWarning: invalid value encountered in true_divide
  dist = np.add.reduce(([(abs(s)[i] / L[i]) for i in range(xsize)]), -1)
/usr/lib64/python2.7/site-packages/matplotlib/contour.py:370: RuntimeWarning: invalid value encountered in true_divide
  dist = np.add.reduce(([(abs(s)[i] / L[i]) for i in range(xsize)]), -1)
/usr/lib64/python2.7/site-packages/matplotlib/contour.py:370: RuntimeWarning: invalid value encountered in true_divide
  dist = np.add.reduce(([(abs(s)[i] / L[i]) for i in range(xsize)]), -1)
/usr/lib64/python2.7/site-packages/matplotlib/contour.py:370: RuntimeWarning: invalid value encountered in true_divide
  dist = np.add.reduce(([(abs(s)[i] / L[i]) for i in range(xsize)]), -1)
/usr/lib64/python2.7/site-packages/matplotlib/contour.py:370: RuntimeWarning: invalid value encountered in true_divide
  dist = np.add.reduce(([(abs(s)[i] / L[i]) for i in range(xsize)]), -1)
/usr/lib64/python2.7/site-packages/matplotlib/contour.py:370: RuntimeWarning: invalid value encountered in true_divide
  dist = np.add.reduce(([(abs(s)[i] / L[i]) for i in range(xsize)]), -1)
/usr/lib64/python2.7/site-packages/matplotlib/contour.py:370: RuntimeWarning: invalid value encountered in true_divide
  dist = np.add.reduce(([(abs(s)[i] / L[i]) for i in range(xsize)]), -1)
/usr/lib64/python2.7/site-packages/matplotlib/contour.py:370: RuntimeWarning: invalid value encountered in true_divide
  dist = np.add.reduce(([(abs(s)[i] / L[i]) for i in range(xsize)]), -1)
/usr/lib64/python2.7/site-packages/matplotlib/contour.py:370: RuntimeWarning: invalid value encountered in true_divide
  dist = np.add.reduce(([(abs(s)[i] / L[i]) for i in range(xsize)]), -1)
/usr/lib64/python2.7/site-packages/matplotlib/contour.py:370: RuntimeWarning: invalid value encountered in true_divide
  dist = np.add.reduce(([(abs(s)[i] / L[i]) for i in range(xsize)]), -1)
/usr/lib64/python2.7/site-packages/matplotlib/contour.py:370: RuntimeWarning: invalid value encountered in true_divide
  dist = np.add.reduce(([(abs(s)[i] / L[i]) for i in range(xsize)]), -1)
/usr/lib64/python2.7/site-packages/matplotlib/contour.py:370: RuntimeWarning: invalid value encountered in true_divide
  dist = np.add.reduce(([(abs(s)[i] / L[i]) for i in range(xsize)]), -1)
/usr/lib64/python2.7/site-packages/matplotlib/contour.py:370: RuntimeWarning: invalid value encountered in true_divide
  dist = np.add.reduce(([(abs(s)[i] / L[i]) for i in range(xsize)]), -1)
/usr/lib64/python2.7/site-packages/matplotlib/contour.py:370: RuntimeWarning: invalid value encountered in true_divide
  dist = np.add.reduce(([(abs(s)[i] / L[i]) for i in range(xsize)]), -1)
/usr/lib64/python2.7/site-packages/matplotlib/contour.py:370: RuntimeWarning: invalid value encountered in true_divide
  dist = np.add.reduce(([(abs(s)[i] / L[i]) for i in range(xsize)]), -1)
/usr/lib64/python2.7/site-packages/matplotlib/contour.py:370: RuntimeWarning: invalid value encountered in true_divide
  dist = np.add.reduce(([(abs(s)[i] / L[i]) for i in range(xsize)]), -1)
/usr/lib64/python2.7/site-packages/matplotlib/contour.py:370: RuntimeWarning: invalid value encountered in true_divide
  dist = np.add.reduce(([(abs(s)[i] / L[i]) for i in range(xsize)]), -1)
/usr/lib64/python2.7/site-packages/matplotlib/contour.py:370: RuntimeWarning: invalid value encountered in true_divide
  dist = np.add.reduce(([(abs(s)[i] / L[i]) for i in range(xsize)]), -1)
/usr/lib64/python2.7/site-packages/matplotlib/contour.py:370: RuntimeWarning: invalid value encountered in true_divide
  dist = np.add.reduce(([(abs(s)[i] / L[i]) for i in range(xsize)]), -1)
/usr/lib64/python2.7/site-packages/matplotlib/contour.py:370: RuntimeWarning: invalid value encountered in true_divide
  dist = np.add.reduce(([(abs(s)[i] / L[i]) for i in range(xsize)]), -1)
/usr/lib64/python2.7/site-packages/matplotlib/contour.py:370: RuntimeWarning: invalid value encountered in true_divide
  dist = np.add.reduce(([(abs(s)[i] / L[i]) for i in range(xsize)]), -1)
/usr/lib64/python2.7/site-packages/matplotlib/contour.py:370: RuntimeWarning: invalid value encountered in true_divide
  dist = np.add.reduce(([(abs(s)[i] / L[i]) for i in range(xsize)]), -1)
/usr/lib64/python2.7/site-packages/matplotlib/contour.py:370: RuntimeWarning: invalid value encountered in true_divide
  dist = np.add.reduce(([(abs(s)[i] / L[i]) for i in range(xsize)]), -1)
/usr/lib64/python2.7/site-packages/matplotlib/contour.py:370: RuntimeWarning: invalid value encountered in true_divide
  dist = np.add.reduce(([(abs(s)[i] / L[i]) for i in range(xsize)]), -1)
/usr/lib64/python2.7/site-packages/matplotlib/contour.py:370: RuntimeWarning: invalid value encountered in true_divide
  dist = np.add.reduce(([(abs(s)[i] / L[i]) for i in range(xsize)]), -1)
/usr/lib64/python2.7/site-packages/matplotlib/contour.py:370: RuntimeWarning: invalid value encountered in true_divide
  dist = np.add.reduce(([(abs(s)[i] / L[i]) for i in range(xsize)]), -1)
/usr/lib64/python2.7/site-packages/matplotlib/contour.py:370: RuntimeWarning: invalid value encountered in true_divide
  dist = np.add.reduce(([(abs(s)[i] / L[i]) for i in range(xsize)]), -1)
/usr/lib64/python2.7/site-packages/matplotlib/contour.py:370: RuntimeWarning: invalid value encountered in true_divide
  dist = np.add.reduce(([(abs(s)[i] / L[i]) for i in range(xsize)]), -1)
/usr/lib64/python2.7/site-packages/matplotlib/contour.py:370: RuntimeWarning: invalid value encountered in true_divide
  dist = np.add.reduce(([(abs(s)[i] / L[i]) for i in range(xsize)]), -1)
/usr/lib64/python2.7/site-packages/matplotlib/contour.py:370: RuntimeWarning: invalid value encountered in true_divide
  dist = np.add.reduce(([(abs(s)[i] / L[i]) for i in range(xsize)]), -1)
/usr/lib64/python2.7/site-packages/matplotlib/contour.py:370: RuntimeWarning: invalid value encountered in true_divide
  dist = np.add.reduce(([(abs(s)[i] / L[i]) for i in range(xsize)]), -1)
/usr/lib64/python2.7/site-packages/matplotlib/contour.py:370: RuntimeWarning: invalid value encountered in true_divide
  dist = np.add.reduce(([(abs(s)[i] / L[i]) for i in range(xsize)]), -1)
/usr/lib64/python2.7/site-packages/matplotlib/contour.py:370: RuntimeWarning: invalid value encountered in true_divide
  dist = np.add.reduce(([(abs(s)[i] / L[i]) for i in range(xsize)]), -1)
/usr/lib64/python2.7/site-packages/matplotlib/contour.py:370: RuntimeWarning: invalid value encountered in true_divide
  dist = np.add.reduce(([(abs(s)[i] / L[i]) for i in range(xsize)]), -1)
/usr/lib64/python2.7/site-packages/matplotlib/contour.py:370: RuntimeWarning: invalid value encountered in true_divide
  dist = np.add.reduce(([(abs(s)[i] / L[i]) for i in range(xsize)]), -1)
/usr/lib64/python2.7/site-packages/matplotlib/contour.py:370: RuntimeWarning: invalid value encountered in true_divide
  dist = np.add.reduce(([(abs(s)[i] / L[i]) for i in range(xsize)]), -1)
/usr/lib64/python2.7/site-packages/matplotlib/contour.py:370: RuntimeWarning: invalid value encountered in true_divide
  dist = np.add.reduce(([(abs(s)[i] / L[i]) for i in range(xsize)]), -1)
/usr/lib64/python2.7/site-packages/matplotlib/contour.py:370: RuntimeWarning: invalid value encountered in true_divide
  dist = np.add.reduce(([(abs(s)[i] / L[i]) for i in range(xsize)]), -1)
/usr/lib64/python2.7/site-packages/matplotlib/contour.py:370: RuntimeWarning: invalid value encountered in true_divide
  dist = np.add.reduce(([(abs(s)[i] / L[i]) for i in range(xsize)]), -1)
/usr/lib64/python2.7/site-packages/matplotlib/contour.py:370: RuntimeWarning: invalid value encountered in true_divide
  dist = np.add.reduce(([(abs(s)[i] / L[i]) for i in range(xsize)]), -1)
